


ARM Macro Assembler    Page 1 


    1 00000000         ;****************** HW2.s ***************
    2 00000000         ; Program written: USMAN FROOQI
    3 00000000         ; Date Created: 8/30/2017 
    4 00000000         ; Last Modified: 2/1/2018
    5 00000000         
    6 00000000 400053FC 
                       GPIO_PORTB_DATA_R
                               EQU              0x400053FC
    7 00000000 40005400 
                       GPIO_PORTB_DIR_R
                               EQU              0x40005400
    8 00000000 4000551C 
                       GPIO_PORTB_DEN_R
                               EQU              0x4000551C
    9 00000000 400FE608 
                       SYSCTL_RCGCGPIO_R
                               EQU              0x400FE608
   10 00000000         
   11 00000000         
   12 00000000         ;-----RAM area----------------        
   13 00000000                 THUMB
   14 00000000                 AREA             DATA, ALIGN=2
   15 00000000         ;global variables go here, 
   16 00000000 00 00   icount  SPACE            2           ;signed
   17 00000002 00      bcount  SPACE            1           ;unsigned
   18 00000003 00      keepOut SPACE            1           ;this location shou
                                                            ld not be modified
   19 00000004 00 00 00 
              00       N       SPACE            4
   20 00000008                 EXPORT           icount
   21 00000008                 EXPORT           bcount
   22 00000008                 EXPORT           keepOut
   23 00000008                 EXPORT           N
   24 00000008         
   25 00000008         ;-----ROM area----------------        
   26 00000008                 ALIGN
   27 00000008                 AREA             |.text|, CODE, READONLY, ALIGN=
2
   28 00000000         
   29 00000000         ; enable clock for Port B and make PB5 output
   30 00000000         ; must be friendly, leave over clock bits as they are
   31 00000000         ; only use registers R0,R1,R2,R3,R12
   32 00000000         ; system will crash if you turn off Port A clock
   33 00000000                 EXPORT           InitPB5
   34 00000000         InitPB5
   35 00000000         ; Select regular digital function
   36 00000000         ; Enable Port B clock
   37 00000000 4918            LDR              R1, =SYSCTL_RCGCGPIO_R
   38 00000002 6808            LDR              R0, [R1]
   39 00000004 F040 0002       ORR              R0, R0, #0x02
   40 00000008 6008            STR              R0, [R1]
   41 0000000A BF00            NOP
   42 0000000C BF00            NOP
   43 0000000E         
   44 0000000E         
   45 0000000E         
   46 0000000E         ; Set direction register
   47 0000000E 4916            LDR              R1, =GPIO_PORTB_DIR_R ; 5) set 
                                                            direction register



ARM Macro Assembler    Page 2 


   48 00000010 6808            LDR              R0, [R1]
   49 00000012 F040 0020       ORR              R0, R0, #0x20 ; PB5
   50 00000016 6008            STR              R0, [R1]
   51 00000018         
   52 00000018         
   53 00000018         ; Enable the port digitally
   54 00000018 4914            LDR              R1, =GPIO_PORTB_DEN_R ; set all
                                                             PF pins to digital
                                                            
   55 0000001A 6808            LDR              R0, [R1]
   56 0000001C F040 0020       ORR              R0, R0, #0x20 ; 1 means enable 
                                                            digital I/O
   57 00000020 6008            STR              R0, [R1]
   58 00000022         
   59 00000022         
   60 00000022         
   61 00000022 4770            BX               LR
   62 00000024         
   63 00000024         ; assuming PB5 is output, make PB5 high
   64 00000024         ; must be friendly
   65 00000024         ; only use registers R0,R1,R2,R3,R12
   66 00000024                 EXPORT           SetPB5
   67 00000024         SetPB5
   68 00000024         ; put solution here
   69 00000024 4912            LDR              R1, =GPIO_PORTB_DATA_R
   70 00000026         
   71 00000026 6808            LDR              R0, [R1]
   72 00000028         
   73 00000028 F04F 0220       MOV              R2, #0x20
   74 0000002C         
   75 0000002C EA40 0002       ORR              R0, R2
   76 00000030         
   77 00000030 7008            STRB             R0, [R1]
   78 00000032         
   79 00000032 4770            BX               LR
   80 00000034         
   81 00000034         ; increment 16-bit signed icount
   82 00000034         ; only use registers R0,R1,R2,R3,R12
   83 00000034                 EXPORT           Inc16
   84 00000034         Inc16
   85 00000034         ; put solution here
   86 00000034 490F            LDR              R1, =icount
   87 00000036         
   88 00000036 F9B1 0000       LDRSH            R0, [R1]
   89 0000003A         
   90 0000003A F100 0001       ADD              R0, #1
   91 0000003E         
   92 0000003E 4A0D            LDR              R2, =icount
   93 00000040         
   94 00000040 8010            STRH             R0, [R2]
   95 00000042         
   96 00000042         
   97 00000042         
   98 00000042         
   99 00000042 4770            BX               LR
  100 00000044         
  101 00000044         ; decrement 8-bit unsigned bcount
  102 00000044         ; only use registers R0,R1,R2,R3,R12
  103 00000044                 EXPORT           Dec8



ARM Macro Assembler    Page 3 


  104 00000044         Dec8
  105 00000044         ; put solution here
  106 00000044 490C            LDR              R1, =bcount
  107 00000046         
  108 00000046 7808            LDRB             R0, [R1]
  109 00000048         
  110 00000048 F100 30FF       ADD              R0, #-1
  111 0000004C         
  112 0000004C 4A0A            LDR              R2, =bcount
  113 0000004E         
  114 0000004E 7010            STRB             R0, [R2]
  115 00000050         
  116 00000050 4770            BX               LR
  117 00000052         
  118 00000052         ; sets bit 3 and clears bit 29 of a 32-bit global variab
                       le named N
  119 00000052         ; be friendly
  120 00000052         ; only use registers R0,R1,R2,R3,R12
  121 00000052                 EXPORT           Set3Clear29
  122 00000052         Set3Clear29
  123 00000052         ; put solution here
  124 00000052 490A            LDR              R1, =N
  125 00000054         
  126 00000054 6808            LDR              R0, [R1]
  127 00000056         
  128 00000056 F040 0008       ORR              R0, R0, #0x8
  129 0000005A         
  130 0000005A F020 5000       BIC              R0, R0, #0x20000000
  131 0000005E         
  132 0000005E 6008            STR              R0, [R1]
  133 00000060         
  134 00000060 4770            BX               LR
  135 00000062         
  136 00000062         
  137 00000062         
  138 00000062 00 00           ALIGN                        ; make sure the end
                                                             of this section is
                                                             aligned
  139 00000064                 END                          ; end of file
              400FE608 
              40005400 
              4000551C 
              400053FC 
              00000000 
              00000000 
              00000000 
Command Line: --debug --xref --cpu=Cortex-M4 --apcs=interwork --depend=.\hw2.d 
-o.\hw2.o -IC:\Keil\ARM\RV31\INC -IC:\Keil\ARM\CMSIS\Include -IC:\Keil\ARM\Inc\
Luminary --predefine="__EVAL SETA 1" --list=.\hw2.lst HW2.s



ARM Macro Assembler    Page 1 Alphabetic symbol ordering
Relocatable symbols

DATA 00000000

Symbol: DATA
   Definitions
      At line 14 in file HW2.s
   Uses
      None
Comment: DATA unused
N 00000004

Symbol: N
   Definitions
      At line 19 in file HW2.s
   Uses
      At line 23 in file HW2.s
      At line 124 in file HW2.s

bcount 00000002

Symbol: bcount
   Definitions
      At line 17 in file HW2.s
   Uses
      At line 21 in file HW2.s
      At line 106 in file HW2.s
      At line 112 in file HW2.s

icount 00000000

Symbol: icount
   Definitions
      At line 16 in file HW2.s
   Uses
      At line 20 in file HW2.s
      At line 86 in file HW2.s
      At line 92 in file HW2.s

keepOut 00000003

Symbol: keepOut
   Definitions
      At line 18 in file HW2.s
   Uses
      At line 22 in file HW2.s
Comment: keepOut used once
5 symbols



ARM Macro Assembler    Page 1 Alphabetic symbol ordering
Relocatable symbols

.text 00000000

Symbol: .text
   Definitions
      At line 27 in file HW2.s
   Uses
      None
Comment: .text unused
Dec8 00000044

Symbol: Dec8
   Definitions
      At line 104 in file HW2.s
   Uses
      At line 103 in file HW2.s
Comment: Dec8 used once
Inc16 00000034

Symbol: Inc16
   Definitions
      At line 84 in file HW2.s
   Uses
      At line 83 in file HW2.s
Comment: Inc16 used once
InitPB5 00000000

Symbol: InitPB5
   Definitions
      At line 34 in file HW2.s
   Uses
      At line 33 in file HW2.s
Comment: InitPB5 used once
Set3Clear29 00000052

Symbol: Set3Clear29
   Definitions
      At line 122 in file HW2.s
   Uses
      At line 121 in file HW2.s
Comment: Set3Clear29 used once
SetPB5 00000024

Symbol: SetPB5
   Definitions
      At line 67 in file HW2.s
   Uses
      At line 66 in file HW2.s
Comment: SetPB5 used once
6 symbols



ARM Macro Assembler    Page 1 Alphabetic symbol ordering
Absolute symbols

GPIO_PORTB_DATA_R 400053FC

Symbol: GPIO_PORTB_DATA_R
   Definitions
      At line 6 in file HW2.s
   Uses
      At line 69 in file HW2.s
Comment: GPIO_PORTB_DATA_R used once
GPIO_PORTB_DEN_R 4000551C

Symbol: GPIO_PORTB_DEN_R
   Definitions
      At line 8 in file HW2.s
   Uses
      At line 54 in file HW2.s
Comment: GPIO_PORTB_DEN_R used once
GPIO_PORTB_DIR_R 40005400

Symbol: GPIO_PORTB_DIR_R
   Definitions
      At line 7 in file HW2.s
   Uses
      At line 47 in file HW2.s
Comment: GPIO_PORTB_DIR_R used once
SYSCTL_RCGCGPIO_R 400FE608

Symbol: SYSCTL_RCGCGPIO_R
   Definitions
      At line 9 in file HW2.s
   Uses
      At line 37 in file HW2.s
Comment: SYSCTL_RCGCGPIO_R used once
4 symbols
348 symbols in table
